
ec: system execution failed.
Following is the set of recorded exceptions:

******************************** Thread exception *****************************
In thread           Root thread            0x0 (thread id)
*******************************************************************************
-------------------------------------------------------------------------------
Class / Object      Routine                Nature of exception           Effect
-------------------------------------------------------------------------------
CONSOLE             put_string @4          FILE: unable to write STRING object.:
<000002D12E8D9CE8>                         Runtime I/O error.            Fail
-------------------------------------------------------------------------------
CONSOLE             put_string @4                                       
<000002D12E8D9CE8>                         Routine failure.              Fail
-------------------------------------------------------------------------------
CONSOLE             put_string_general @17                              
<000002D12E8D9CE8>  (From PLAIN_TEXT_FILE) Routine failure.              Fail
-------------------------------------------------------------------------------
CONSOLE             put_string_32 @1                                    
<000002D12E8D9CE8>  (From PLAIN_TEXT_FILE) Routine failure.              Fail
-------------------------------------------------------------------------------
EC_ENCODING_CONVERTER
                    localized_print_error @4
<000002D12E881B48>  (From LOCALIZED_PRINTER)
                                           Routine failure.              Fail
-------------------------------------------------------------------------------
DEGREE_OUTPUT       put_message @1                                      
<000002D12E8C9A08>                         Routine failure.              Fail
-------------------------------------------------------------------------------
DEGREE_OUTPUT       put_start_degree @6                                 
<000002D12E8C9A08>                         Routine failure.              Fail
-------------------------------------------------------------------------------
SYSTEM_I            init_recompilation @1                               
<000002D12F93F1C8>                         Routine failure.              Fail
-------------------------------------------------------------------------------
SYSTEM_I            do_recompilation @5                                 
<000002D12F93F1C8>                         Routine failure.              Fail
-------------------------------------------------------------------------------
SYSTEM_I            recompile @6                                        
<000002D12F93F1C8>                         Routine failure.              Rescue
-------------------------------------------------------------------------------
WORKBENCH_I         recompile @23                                       
<000002D12E8229E8>                         Routine failure.              Rescue
-------------------------------------------------------------------------------
E_PROJECT           melt @7                                             
<000002D12E822518>                         Routine failure.              Rescue
-------------------------------------------------------------------------------
E_PROJECT           quick_melt @3                                       
<000002D12E822518>                         Routine failure.              Fail
-------------------------------------------------------------------------------
EWB_QUICK_MELT      perform_compilation @1                              
<000002D12E8223E8>                         Routine failure.              Fail
-------------------------------------------------------------------------------
EWB_QUICK_MELT      compile @3                                          
<000002D12E8223E8>  (From EWB_COMP)        Routine failure.              Fail
-------------------------------------------------------------------------------
EWB_QUICK_MELT      execute @6                                          
<000002D12E8223E8>  (From EWB_COMP)        Routine failure.              Fail
-------------------------------------------------------------------------------
ES_BATCH            execute @45                                         
<000002D12F88A7E8>  (From ES)              Routine failure.              Rescue
-------------------------------------------------------------------------------
~~~~~~~~~~~~~~~~~~~~~~~~~~~~~~~ entering level 1 ~~~~~~~~~~~~~~~~~~~~~~~~~~~~~~
-------------------------------------------------------------------------------
CONSOLE             put_string @4          FILE: unable to write STRING object.:
<000002D12E8D9CE8>                         Runtime I/O error.            Fail
-------------------------------------------------------------------------------
CONSOLE             put_string @4                                       
<000002D12E8D9CE8>                         Routine failure.              Fail
-------------------------------------------------------------------------------
CONSOLE             put_string_general @17                              
<000002D12E8D9CE8>  (From PLAIN_TEXT_FILE) Routine failure.              Fail
-------------------------------------------------------------------------------
CONSOLE             put_string_32 @1                                    
<000002D12E8D9CE8>  (From PLAIN_TEXT_FILE) Routine failure.              Fail
-------------------------------------------------------------------------------
ES_BATCH            localized_print_error @4
<000002D12F88A7E8>  (From LOCALIZED_PRINTER)
                                           Routine failure.              Fail
-------------------------------------------------------------------------------
~~~~~~~~~~~~~~~~~~~~~~~~~~~~~~~ back to level 0 ~~~~~~~~~~~~~~~~~~~~~~~~~~~~~~~
-------------------------------------------------------------------------------
ES_BATCH            execute @69                                         
<000002D12F88A7E8>  (From ES)              Exception in rescue clause.   Fail
-------------------------------------------------------------------------------
ES_BATCH            make @13                                            
<000002D12F88A7E8>  (From ES)              Routine failure.              Fail
-------------------------------------------------------------------------------
EB_KERNEL           make @5                                             
<000002D12F730808>                         Routine failure.              Fail
-------------------------------------------------------------------------------
EB_KERNEL           root's creation                                     
<000002D12F730808>                         Routine failure.              Exit
-------------------------------------------------------------------------------
